<?xml version="1.0" encoding="UTF-8"?>
<testsuite name="TestSuite" time="26.066" tests="7" errors="0" skipped="3" failures="4">
  <properties>
[...]
</properties>
  <testcase name="designmateLogintest" classname="com.w2a.testcases.DesignmateLoginTest" time="5.459">
    <failure message="Element &lt;a href=&quot;logout.aspx&quot;&gt; could not be scrolled into view&#10;Build info: version: &apos;3.141.59&apos;, revision: &apos;e82be7d358&apos;, time: &apos;2018-11-14T08:17:03&apos;&#10;System info: host: &apos;DM&apos;, ip: &apos;10.33.52.55&apos;, os.name: &apos;Windows 8.1&apos;, os.arch: &apos;amd64&apos;, os.version: &apos;6.3&apos;, java.version: &apos;1.8.0_172&apos;&#10;Driver info: org.openqa.selenium.firefox.FirefoxDriver&#10;Capabilities {acceptInsecureCerts: true, browserName: firefox, browserVersion: 70.0.1, javascriptEnabled: true, moz:accessibilityChecks: false, moz:buildID: 20191030021342, moz:geckodriverVersion: 0.26.0, moz:headless: false, moz:processID: 6828, moz:profile: C:\Windows\Temp\rust_mozpro..., moz:shutdownTimeout: 60000, moz:useNonSpecCompliantPointerOrigin: false, moz:webdriverClick: true, pageLoadStrategy: normal, platform: WINDOWS, platformName: WINDOWS, platformVersion: 6.3, rotatable: false, setWindowRect: true, strictFileInteractability: false, timeouts: {implicit: 0, pageLoad: 300000, script: 30000}, unhandledPromptBehavior: dismiss and notify}&#10;Session ID: 5793e165-daa0-461a-a363-93ae4660eec3" type="org.openqa.selenium.ElementNotInteractableException"><![CDATA[org.openqa.selenium.ElementNotInteractableException: Element <a href="logout.aspx"> could not be scrolled into view
Build info: version: '3.141.59', revision: 'e82be7d358', time: '2018-11-14T08:17:03'
System info: host: 'DM', ip: '10.33.52.55', os.name: 'Windows 8.1', os.arch: 'amd64', os.version: '6.3', java.version: '1.8.0_172'
Driver info: org.openqa.selenium.firefox.FirefoxDriver
Capabilities {acceptInsecureCerts: true, browserName: firefox, browserVersion: 70.0.1, javascriptEnabled: true, moz:accessibilityChecks: false, moz:buildID: 20191030021342, moz:geckodriverVersion: 0.26.0, moz:headless: false, moz:processID: 6828, moz:profile: C:\Windows\Temp\rust_mozpro..., moz:shutdownTimeout: 60000, moz:useNonSpecCompliantPointerOrigin: false, moz:webdriverClick: true, pageLoadStrategy: normal, platform: WINDOWS, platformName: WINDOWS, platformVersion: 6.3, rotatable: false, setWindowRect: true, strictFileInteractability: false, timeouts: {implicit: 0, pageLoad: 300000, script: 30000}, unhandledPromptBehavior: dismiss and notify}
Session ID: 5793e165-daa0-461a-a363-93ae4660eec3
	at sun.reflect.NativeConstructorAccessorImpl.newInstance0(Native Method)
	at sun.reflect.NativeConstructorAccessorImpl.newInstance(NativeConstructorAccessorImpl.java:62)
	at sun.reflect.DelegatingConstructorAccessorImpl.newInstance(DelegatingConstructorAccessorImpl.java:45)
	at java.lang.reflect.Constructor.newInstance(Constructor.java:423)
	at org.openqa.selenium.remote.http.W3CHttpResponseCodec.createException(W3CHttpResponseCodec.java:187)
	at org.openqa.selenium.remote.http.W3CHttpResponseCodec.decode(W3CHttpResponseCodec.java:122)
	at org.openqa.selenium.remote.http.W3CHttpResponseCodec.decode(W3CHttpResponseCodec.java:49)
	at org.openqa.selenium.remote.HttpCommandExecutor.execute(HttpCommandExecutor.java:158)
	at org.openqa.selenium.remote.service.DriverCommandExecutor.execute(DriverCommandExecutor.java:83)
	at org.openqa.selenium.remote.RemoteWebDriver.execute(RemoteWebDriver.java:552)
	at org.openqa.selenium.remote.RemoteWebElement.execute(RemoteWebElement.java:285)
	at org.openqa.selenium.remote.RemoteWebElement.click(RemoteWebElement.java:84)
	at com.w2a.base.TestBase.click(TestBase.java:92)
	at com.w2a.testcases.DesignmateLoginTest.designmateLogintest(DesignmateLoginTest.java:34)
]]></failure>
    <system-out><![CDATA[firefox
]]></system-out>
    <system-err><![CDATA[Dec 04, 2019 2:53:57 PM com.relevantcodes.extentreports.ExtentReports loadConfig
WARNING: Unable to perform report configuration. The file D:\eclipse-workspace\DataDrivenFrameWork12345\src\test\resource\extentconfig\ReportsConfig.xml was not found.
1575451439361	mozrunner::runner	INFO	Running command: "C:\\Program Files\\Mozilla Firefox\\firefox.exe" "-marionette" "-foreground" "-no-remote" "-profile" "C:\\Windows\\TEMP\\rust_mozprofileGjNLy5"
1575451441395	addons.webextension.screenshots@mozilla.org	WARN	Loading extension 'screenshots@mozilla.org': Reading manifest: Invalid extension permission: mozillaAddons
1575451441395	addons.webextension.screenshots@mozilla.org	WARN	Loading extension 'screenshots@mozilla.org': Reading manifest: Invalid extension permission: telemetry
1575451441395	addons.webextension.screenshots@mozilla.org	WARN	Loading extension 'screenshots@mozilla.org': Reading manifest: Invalid extension permission: resource://pdf.js/
1575451441396	addons.webextension.screenshots@mozilla.org	WARN	Loading extension 'screenshots@mozilla.org': Reading manifest: Invalid extension permission: about:reader*
JavaScript error: resource://gre/modules/XULStore.jsm, line 66: Error: Can't find profile directory.
1575451445013	Marionette	INFO	Listening on port 50314
1575451445378	Marionette	WARN	TLS certificate errors will be ignored for this session
Dec 04, 2019 2:54:05 PM org.openqa.selenium.remote.ProtocolHandshake createSession
INFO: Detected dialect: W3C
JavaScript warning: https://www.designmate.com/, line 139: unreachable code after return statement
JavaScript error: https://www.designmate.com/, line 1: TypeError: document.getElementById(...) is null
JavaScript error: https://www.designmate.com/sign_up.aspx, line 85: TypeError: document.getElementById(...) is null
JavaScript error: https://www.designmate.com/sign_up.aspx, line 85: TypeError: document.getElementById(...) is null
JavaScript error: https://www.designmate.com/sign_up.aspx, line 85: TypeError: document.getElementById(...) is null
JavaScript error: https://www.designmate.com/sign_up.aspx, line 85: TypeError: document.getElementById(...) is null
JavaScript error: https://www.designmate.com/sign_up.aspx, line 85: TypeError: document.getElementById(...) is null
JavaScript error: https://www.designmate.com/sign_up.aspx, line 85: TypeError: document.getElementById(...) is null
JavaScript error: https://www.designmate.com/sign_up.aspx, line 85: TypeError: document.getElementById(...) is null
JavaScript error: https://www.designmate.com/sign_up.aspx, line 85: TypeError: document.getElementById(...) is null
JavaScript error: https://www.designmate.com/sign_up.aspx, line 85: TypeError: document.getElementById(...) is null
JavaScript error: https://www.designmate.com/sign_up.aspx, line 85: TypeError: document.getElementById(...) is null
JavaScript error: https://www.designmate.com/sign_up.aspx, line 85: TypeError: document.getElementById(...) is null
JavaScript error: https://www.designmate.com/sign_up.aspx, line 85: TypeError: document.getElementById(...) is null
JavaScript error: https://www.designmate.com/sign_up.aspx, line 85: TypeError: document.getElementById(...) is null
JavaScript error: https://www.designmate.com/sign_up.aspx, line 85: TypeError: document.getElementById(...) is null
JavaScript error: https://www.designmate.com/sign_up.aspx, line 85: TypeError: document.getElementById(...) is null
JavaScript error: https://www.designmate.com/sign_up.aspx, line 85: TypeError: document.getElementById(...) is null
JavaScript error: https://www.designmate.com/sign_up.aspx, line 85: TypeError: document.getElementById(...) is null
JavaScript error: https://www.designmate.com/sign_up.aspx, line 85: TypeError: document.getElementById(...) is null
JavaScript error: https://www.designmate.com/sign_up.aspx, line 85: TypeError: document.getElementById(...) is null
JavaScript error: https://www.designmate.com/sign_up.aspx, line 85: TypeError: document.getElementById(...) is null
JavaScript error: https://www.designmate.com/sign_up.aspx, line 85: TypeError: document.getElementById(...) is null
JavaScript error: https://www.designmate.com/sign_up.aspx, line 85: TypeError: document.getElementById(...) is null
JavaScript error: https://www.designmate.com/sign_up.aspx, line 85: TypeError: document.getElementById(...) is null
JavaScript error: https://www.designmate.com/sign_up.aspx, line 85: TypeError: document.getElementById(...) is null
JavaScript error: https://www.designmate.com/sign_up.aspx, line 85: TypeError: document.getElementById(...) is null
JavaScript error: https://www.designmate.com/sign_up.aspx, line 85: TypeError: document.getElementById(...) is null
JavaScript error: https://www.designmate.com/sign_up.aspx, line 85: TypeError: document.getElementById(...) is null
JavaScript error: https://www.designmate.com/sign_up.aspx, line 85: TypeError: document.getElementById(...) is null
JavaScript error: https://www.designmate.com/sign_up.aspx, line 85: TypeError: document.getElementById(...) is null
JavaScript error: https://www.designmate.com/sign_up.aspx, line 81: TypeError: document.getElementById(...) is null
JavaScript error: https://www.designmate.com/sign_up.aspx, line 85: TypeError: document.getElementById(...) is null
JavaScript error: https://www.designmate.com/sign_up.aspx, line 85: TypeError: document.getElementById(...) is null
JavaScript error: https://www.designmate.com/sign_up.aspx, line 85: TypeError: document.getElementById(...) is null
JavaScript error: https://www.designmate.com/sign_up.aspx, line 85: TypeError: document.getElementById(...) is null
JavaScript error: https://www.designmate.com/sign_up.aspx, line 85: TypeError: document.getElementById(...) is null
JavaScript error: https://www.designmate.com/sign_up.aspx, line 85: TypeError: document.getElementById(...) is null
JavaScript error: https://www.designmate.com/sign_up.aspx, line 85: TypeError: document.getElementById(...) is null
JavaScript error: https://www.designmate.com/sign_up.aspx, line 85: TypeError: document.getElementById(...) is null
JavaScript error: https://www.designmate.com/sign_up.aspx, line 81: TypeError: document.getElementById(...) is null
JavaScript error: https://www.designmate.com/sign_up.aspx, line 81: TypeError: document.getElementById(...) is null
JavaScript warning: https://www.designmate.com/index.aspx, line 139: unreachable code after return statement
JavaScript error: https://www.designmate.com/index.aspx, line 1: TypeError: document.getElementById(...) is null
]]></system-err>
  </testcase>
  <testcase name="designmateLogintest" classname="com.w2a.testcases.DesignmateLoginTest" time="10.577">
    <failure message="Unable to locate element: //*[@id=&quot;Header1_lbl_linksignup&quot;]&#10;For documentation on this error, please visit: https://www.seleniumhq.org/exceptions/no_such_element.html&#10;Build info: version: &apos;3.141.59&apos;, revision: &apos;e82be7d358&apos;, time: &apos;2018-11-14T08:17:03&apos;&#10;System info: host: &apos;DM&apos;, ip: &apos;10.33.52.55&apos;, os.name: &apos;Windows 8.1&apos;, os.arch: &apos;amd64&apos;, os.version: &apos;6.3&apos;, java.version: &apos;1.8.0_172&apos;&#10;Driver info: org.openqa.selenium.firefox.FirefoxDriver&#10;Capabilities {acceptInsecureCerts: true, browserName: firefox, browserVersion: 70.0.1, javascriptEnabled: true, moz:accessibilityChecks: false, moz:buildID: 20191030021342, moz:geckodriverVersion: 0.26.0, moz:headless: false, moz:processID: 6828, moz:profile: C:\Windows\Temp\rust_mozpro..., moz:shutdownTimeout: 60000, moz:useNonSpecCompliantPointerOrigin: false, moz:webdriverClick: true, pageLoadStrategy: normal, platform: WINDOWS, platformName: WINDOWS, platformVersion: 6.3, rotatable: false, setWindowRect: true, strictFileInteractability: false, timeouts: {implicit: 0, pageLoad: 300000, script: 30000}, unhandledPromptBehavior: dismiss and notify}&#10;Session ID: 5793e165-daa0-461a-a363-93ae4660eec3&#10;*** Element info: {Using=xpath, value=//*[@id=&quot;Header1_lbl_linksignup&quot;]}" type="org.openqa.selenium.NoSuchElementException">org.openqa.selenium.NoSuchElementException: Unable to locate element: //*[@id="Header1_lbl_linksignup"]
For documentation on this error, please visit: https://www.seleniumhq.org/exceptions/no_such_element.html
Build info: version: '3.141.59', revision: 'e82be7d358', time: '2018-11-14T08:17:03'
System info: host: 'DM', ip: '10.33.52.55', os.name: 'Windows 8.1', os.arch: 'amd64', os.version: '6.3', java.version: '1.8.0_172'
Driver info: org.openqa.selenium.firefox.FirefoxDriver
Capabilities {acceptInsecureCerts: true, browserName: firefox, browserVersion: 70.0.1, javascriptEnabled: true, moz:accessibilityChecks: false, moz:buildID: 20191030021342, moz:geckodriverVersion: 0.26.0, moz:headless: false, moz:processID: 6828, moz:profile: C:\Windows\Temp\rust_mozpro..., moz:shutdownTimeout: 60000, moz:useNonSpecCompliantPointerOrigin: false, moz:webdriverClick: true, pageLoadStrategy: normal, platform: WINDOWS, platformName: WINDOWS, platformVersion: 6.3, rotatable: false, setWindowRect: true, strictFileInteractability: false, timeouts: {implicit: 0, pageLoad: 300000, script: 30000}, unhandledPromptBehavior: dismiss and notify}
Session ID: 5793e165-daa0-461a-a363-93ae4660eec3
*** Element info: {Using=xpath, value=//*[@id="Header1_lbl_linksignup"]}
	at sun.reflect.NativeConstructorAccessorImpl.newInstance0(Native Method)
	at sun.reflect.NativeConstructorAccessorImpl.newInstance(NativeConstructorAccessorImpl.java:62)
	at sun.reflect.DelegatingConstructorAccessorImpl.newInstance(DelegatingConstructorAccessorImpl.java:45)
	at java.lang.reflect.Constructor.newInstance(Constructor.java:423)
	at org.openqa.selenium.remote.http.W3CHttpResponseCodec.createException(W3CHttpResponseCodec.java:187)
	at org.openqa.selenium.remote.http.W3CHttpResponseCodec.decode(W3CHttpResponseCodec.java:122)
	at org.openqa.selenium.remote.http.W3CHttpResponseCodec.decode(W3CHttpResponseCodec.java:49)
	at org.openqa.selenium.remote.HttpCommandExecutor.execute(HttpCommandExecutor.java:158)
	at org.openqa.selenium.remote.service.DriverCommandExecutor.execute(DriverCommandExecutor.java:83)
	at org.openqa.selenium.remote.RemoteWebDriver.execute(RemoteWebDriver.java:552)
	at org.openqa.selenium.remote.RemoteWebDriver.findElement(RemoteWebDriver.java:323)
	at org.openqa.selenium.remote.RemoteWebDriver.findElementByXPath(RemoteWebDriver.java:428)
	at org.openqa.selenium.By$ByXPath.findElement(By.java:353)
	at org.openqa.selenium.remote.RemoteWebDriver.findElement(RemoteWebDriver.java:315)
	at com.w2a.base.TestBase.click(TestBase.java:92)
	at com.w2a.testcases.DesignmateLoginTest.designmateLogintest(DesignmateLoginTest.java:23)
</failure>
  </testcase>
  <testcase name="designmateLogintest" classname="com.w2a.testcases.DesignmateLoginTest" time="10.548">
    <failure message="Unable to locate element: //*[@id=&quot;Header1_lbl_linksignup&quot;]&#10;For documentation on this error, please visit: https://www.seleniumhq.org/exceptions/no_such_element.html&#10;Build info: version: &apos;3.141.59&apos;, revision: &apos;e82be7d358&apos;, time: &apos;2018-11-14T08:17:03&apos;&#10;System info: host: &apos;DM&apos;, ip: &apos;10.33.52.55&apos;, os.name: &apos;Windows 8.1&apos;, os.arch: &apos;amd64&apos;, os.version: &apos;6.3&apos;, java.version: &apos;1.8.0_172&apos;&#10;Driver info: org.openqa.selenium.firefox.FirefoxDriver&#10;Capabilities {acceptInsecureCerts: true, browserName: firefox, browserVersion: 70.0.1, javascriptEnabled: true, moz:accessibilityChecks: false, moz:buildID: 20191030021342, moz:geckodriverVersion: 0.26.0, moz:headless: false, moz:processID: 6828, moz:profile: C:\Windows\Temp\rust_mozpro..., moz:shutdownTimeout: 60000, moz:useNonSpecCompliantPointerOrigin: false, moz:webdriverClick: true, pageLoadStrategy: normal, platform: WINDOWS, platformName: WINDOWS, platformVersion: 6.3, rotatable: false, setWindowRect: true, strictFileInteractability: false, timeouts: {implicit: 0, pageLoad: 300000, script: 30000}, unhandledPromptBehavior: dismiss and notify}&#10;Session ID: 5793e165-daa0-461a-a363-93ae4660eec3&#10;*** Element info: {Using=xpath, value=//*[@id=&quot;Header1_lbl_linksignup&quot;]}" type="org.openqa.selenium.NoSuchElementException">org.openqa.selenium.NoSuchElementException: Unable to locate element: //*[@id="Header1_lbl_linksignup"]
For documentation on this error, please visit: https://www.seleniumhq.org/exceptions/no_such_element.html
Build info: version: '3.141.59', revision: 'e82be7d358', time: '2018-11-14T08:17:03'
System info: host: 'DM', ip: '10.33.52.55', os.name: 'Windows 8.1', os.arch: 'amd64', os.version: '6.3', java.version: '1.8.0_172'
Driver info: org.openqa.selenium.firefox.FirefoxDriver
Capabilities {acceptInsecureCerts: true, browserName: firefox, browserVersion: 70.0.1, javascriptEnabled: true, moz:accessibilityChecks: false, moz:buildID: 20191030021342, moz:geckodriverVersion: 0.26.0, moz:headless: false, moz:processID: 6828, moz:profile: C:\Windows\Temp\rust_mozpro..., moz:shutdownTimeout: 60000, moz:useNonSpecCompliantPointerOrigin: false, moz:webdriverClick: true, pageLoadStrategy: normal, platform: WINDOWS, platformName: WINDOWS, platformVersion: 6.3, rotatable: false, setWindowRect: true, strictFileInteractability: false, timeouts: {implicit: 0, pageLoad: 300000, script: 30000}, unhandledPromptBehavior: dismiss and notify}
Session ID: 5793e165-daa0-461a-a363-93ae4660eec3
*** Element info: {Using=xpath, value=//*[@id="Header1_lbl_linksignup"]}
	at sun.reflect.NativeConstructorAccessorImpl.newInstance0(Native Method)
	at sun.reflect.NativeConstructorAccessorImpl.newInstance(NativeConstructorAccessorImpl.java:62)
	at sun.reflect.DelegatingConstructorAccessorImpl.newInstance(DelegatingConstructorAccessorImpl.java:45)
	at java.lang.reflect.Constructor.newInstance(Constructor.java:423)
	at org.openqa.selenium.remote.http.W3CHttpResponseCodec.createException(W3CHttpResponseCodec.java:187)
	at org.openqa.selenium.remote.http.W3CHttpResponseCodec.decode(W3CHttpResponseCodec.java:122)
	at org.openqa.selenium.remote.http.W3CHttpResponseCodec.decode(W3CHttpResponseCodec.java:49)
	at org.openqa.selenium.remote.HttpCommandExecutor.execute(HttpCommandExecutor.java:158)
	at org.openqa.selenium.remote.service.DriverCommandExecutor.execute(DriverCommandExecutor.java:83)
	at org.openqa.selenium.remote.RemoteWebDriver.execute(RemoteWebDriver.java:552)
	at org.openqa.selenium.remote.RemoteWebDriver.findElement(RemoteWebDriver.java:323)
	at org.openqa.selenium.remote.RemoteWebDriver.findElementByXPath(RemoteWebDriver.java:428)
	at org.openqa.selenium.By$ByXPath.findElement(By.java:353)
	at org.openqa.selenium.remote.RemoteWebDriver.findElement(RemoteWebDriver.java:315)
	at com.w2a.base.TestBase.click(TestBase.java:92)
	at com.w2a.testcases.DesignmateLoginTest.designmateLogintest(DesignmateLoginTest.java:23)
</failure>
  </testcase>
  <testcase name="testbefor" classname="com.w2a.testcases.DesignmateSignUpTest" time="20.607">
    <failure message="Unable to locate element: //*[@id=&quot;Header1_lbl_linksignup&quot;]&#10;For documentation on this error, please visit: https://www.seleniumhq.org/exceptions/no_such_element.html&#10;Build info: version: &apos;3.141.59&apos;, revision: &apos;e82be7d358&apos;, time: &apos;2018-11-14T08:17:03&apos;&#10;System info: host: &apos;DM&apos;, ip: &apos;10.33.52.55&apos;, os.name: &apos;Windows 8.1&apos;, os.arch: &apos;amd64&apos;, os.version: &apos;6.3&apos;, java.version: &apos;1.8.0_172&apos;&#10;Driver info: org.openqa.selenium.firefox.FirefoxDriver&#10;Capabilities {acceptInsecureCerts: true, browserName: firefox, browserVersion: 70.0.1, javascriptEnabled: true, moz:accessibilityChecks: false, moz:buildID: 20191030021342, moz:geckodriverVersion: 0.26.0, moz:headless: false, moz:processID: 6828, moz:profile: C:\Windows\Temp\rust_mozpro..., moz:shutdownTimeout: 60000, moz:useNonSpecCompliantPointerOrigin: false, moz:webdriverClick: true, pageLoadStrategy: normal, platform: WINDOWS, platformName: WINDOWS, platformVersion: 6.3, rotatable: false, setWindowRect: true, strictFileInteractability: false, timeouts: {implicit: 0, pageLoad: 300000, script: 30000}, unhandledPromptBehavior: dismiss and notify}&#10;Session ID: 5793e165-daa0-461a-a363-93ae4660eec3&#10;*** Element info: {Using=xpath, value=//*[@id=&quot;Header1_lbl_linksignup&quot;]}" type="org.openqa.selenium.NoSuchElementException">org.openqa.selenium.NoSuchElementException: Unable to locate element: //*[@id="Header1_lbl_linksignup"]
For documentation on this error, please visit: https://www.seleniumhq.org/exceptions/no_such_element.html
Build info: version: '3.141.59', revision: 'e82be7d358', time: '2018-11-14T08:17:03'
System info: host: 'DM', ip: '10.33.52.55', os.name: 'Windows 8.1', os.arch: 'amd64', os.version: '6.3', java.version: '1.8.0_172'
Driver info: org.openqa.selenium.firefox.FirefoxDriver
Capabilities {acceptInsecureCerts: true, browserName: firefox, browserVersion: 70.0.1, javascriptEnabled: true, moz:accessibilityChecks: false, moz:buildID: 20191030021342, moz:geckodriverVersion: 0.26.0, moz:headless: false, moz:processID: 6828, moz:profile: C:\Windows\Temp\rust_mozpro..., moz:shutdownTimeout: 60000, moz:useNonSpecCompliantPointerOrigin: false, moz:webdriverClick: true, pageLoadStrategy: normal, platform: WINDOWS, platformName: WINDOWS, platformVersion: 6.3, rotatable: false, setWindowRect: true, strictFileInteractability: false, timeouts: {implicit: 0, pageLoad: 300000, script: 30000}, unhandledPromptBehavior: dismiss and notify}
Session ID: 5793e165-daa0-461a-a363-93ae4660eec3
*** Element info: {Using=xpath, value=//*[@id="Header1_lbl_linksignup"]}
	at sun.reflect.NativeConstructorAccessorImpl.newInstance0(Native Method)
	at sun.reflect.NativeConstructorAccessorImpl.newInstance(NativeConstructorAccessorImpl.java:62)
	at sun.reflect.DelegatingConstructorAccessorImpl.newInstance(DelegatingConstructorAccessorImpl.java:45)
	at java.lang.reflect.Constructor.newInstance(Constructor.java:423)
	at org.openqa.selenium.remote.http.W3CHttpResponseCodec.createException(W3CHttpResponseCodec.java:187)
	at org.openqa.selenium.remote.http.W3CHttpResponseCodec.decode(W3CHttpResponseCodec.java:122)
	at org.openqa.selenium.remote.http.W3CHttpResponseCodec.decode(W3CHttpResponseCodec.java:49)
	at org.openqa.selenium.remote.HttpCommandExecutor.execute(HttpCommandExecutor.java:158)
	at org.openqa.selenium.remote.service.DriverCommandExecutor.execute(DriverCommandExecutor.java:83)
	at org.openqa.selenium.remote.RemoteWebDriver.execute(RemoteWebDriver.java:552)
	at org.openqa.selenium.remote.RemoteWebDriver.findElement(RemoteWebDriver.java:323)
	at org.openqa.selenium.remote.RemoteWebDriver.findElementByXPath(RemoteWebDriver.java:428)
	at org.openqa.selenium.By$ByXPath.findElement(By.java:353)
	at org.openqa.selenium.remote.RemoteWebDriver.findElement(RemoteWebDriver.java:315)
	at com.w2a.base.TestBase.click(TestBase.java:92)
	at com.w2a.testcases.DesignmateSignUpTest.testbefor(DesignmateSignUpTest.java:23)
</failure>
  </testcase>
  <testcase name="designmateSignUpTest" classname="com.w2a.testcases.DesignmateSignUpTest" time="0">
    <skipped/>
  </testcase>
  <testcase name="designmateSignUpTest" classname="com.w2a.testcases.DesignmateSignUpTest" time="0">
    <skipped/>
  </testcase>
  <testcase name="tearDown" classname="com.w2a.testcases.DesignmateSignUpTest" time="0">
    <skipped/>
  </testcase>
</testsuite>