<?xml version="1.0" encoding="UTF-8"?>
<testng-results skipped="2" failed="0" ignored="0" total="5" passed="3">
  <reporter-output>
  </reporter-output>
  <suite name="Data Driven Basics" duration-ms="13639" started-at="2019-12-10T04:39:08Z" finished-at="2019-12-10T04:39:21Z">
    <groups>
    </groups>
    <test name="Designmate LoginTest" duration-ms="12897" started-at="2019-12-10T04:39:08Z" finished-at="2019-12-10T04:39:20Z">
      <class name="com.w2a.testcases.DesignmateLoginTest">
        <test-method status="PASS" signature="designmateLogintest(java.lang.String, java.lang.String, java.lang.String)[pri:0, instance:com.w2a.testcases.DesignmateLoginTest@710f4dc7]" name="designmateLogintest" duration-ms="5469" started-at="2019-12-10T10:09:08Z" data-provider="dp" finished-at="2019-12-10T10:09:13Z">
          <params>
            <param index="0">
              <value>
                <![CDATA[designmate.hasmukh@gmail.com]]>
              </value>
            </param>
            <param index="1">
              <value>
                <![CDATA[dm@1234]]>
              </value>
            </param>
            <param index="2">
              <value>
                <![CDATA[Y]]>
              </value>
            </param>
          </params>
          <reporter-output>
          </reporter-output>
        </test-method> <!-- designmateLogintest -->
        <test-method status="PASS" signature="designmateLogintest(java.lang.String, java.lang.String, java.lang.String)[pri:0, instance:com.w2a.testcases.DesignmateLoginTest@710f4dc7]" name="designmateLogintest" duration-ms="3411" started-at="2019-12-10T10:09:13Z" data-provider="dp" finished-at="2019-12-10T10:09:17Z">
          <params>
            <param index="0">
              <value>
                <![CDATA[path03819@gmail.com]]>
              </value>
            </param>
            <param index="1">
              <value>
                <![CDATA[dm@1234]]>
              </value>
            </param>
            <param index="2">
              <value>
                <![CDATA[Y]]>
              </value>
            </param>
          </params>
          <reporter-output>
          </reporter-output>
        </test-method> <!-- designmateLogintest -->
        <test-method status="PASS" signature="designmateLogintest(java.lang.String, java.lang.String, java.lang.String)[pri:0, instance:com.w2a.testcases.DesignmateLoginTest@710f4dc7]" name="designmateLogintest" duration-ms="3437" started-at="2019-12-10T10:09:17Z" data-provider="dp" finished-at="2019-12-10T10:09:20Z">
          <params>
            <param index="0">
              <value>
                <![CDATA[hasy0712@gmail.com]]>
              </value>
            </param>
            <param index="1">
              <value>
                <![CDATA[dm@1234]]>
              </value>
            </param>
            <param index="2">
              <value>
                <![CDATA[Y]]>
              </value>
            </param>
          </params>
          <reporter-output>
          </reporter-output>
        </test-method> <!-- designmateLogintest -->
      </class> <!-- com.w2a.testcases.DesignmateLoginTest -->
    </test> <!-- Designmate LoginTest -->
    <test name="Designmate SignUp" duration-ms="713" started-at="2019-12-10T04:39:20Z" finished-at="2019-12-10T04:39:21Z">
      <class name="com.w2a.testcases.DesignmateSignUpTest">
        <test-method status="PASS" signature="setUp()[pri:0, instance:com.w2a.testcases.DesignmateSignUpTest@37ceb1df]" name="setUp" is-config="true" duration-ms="23390" started-at="2019-12-10T10:08:44Z" finished-at="2019-12-10T10:09:08Z">
          <reporter-output>
          </reporter-output>
        </test-method> <!-- setUp -->
        <test-method status="PASS" signature="testbefor()[pri:0, instance:com.w2a.testcases.DesignmateSignUpTest@37ceb1df]" name="testbefor" is-config="true" duration-ms="556" started-at="2019-12-10T10:09:20Z" finished-at="2019-12-10T10:09:21Z">
          <reporter-output>
          </reporter-output>
        </test-method> <!-- testbefor -->
        <test-method status="SKIP" signature="designmateSignUpTest(java.lang.String, java.lang.String, java.lang.String, java.lang.String, java.lang.String)[pri:0, instance:com.w2a.testcases.DesignmateSignUpTest@37ceb1df]" name="designmateSignUpTest" duration-ms="2" started-at="2019-12-10T10:09:21Z" data-provider="dp" finished-at="2019-12-10T10:09:21Z">
          <params>
            <param index="0">
              <value>
                <![CDATA[path]]>
              </value>
            </param>
            <param index="1">
              <value>
                <![CDATA[solanki]]>
              </value>
            </param>
            <param index="2">
              <value>
                <![CDATA[path03819@gmail.com]]>
              </value>
            </param>
            <param index="3">
              <value>
                <![CDATA[dm@1234]]>
              </value>
            </param>
            <param index="4">
              <value>
                <![CDATA[dm@1234]]>
              </value>
            </param>
          </params>
          <exception class="org.testng.SkipException">
            <message>
              <![CDATA[Skipping the test   DESIGNMATESIGNUPTEST  as the run mode is No]]>
            </message>
            <full-stacktrace>
              <![CDATA[org.testng.SkipException: Skipping the test   DESIGNMATESIGNUPTEST  as the run mode is No
	at com.w2a.testcases.DesignmateSignUpTest.designmateSignUpTest(DesignmateSignUpTest.java:33)
	at sun.reflect.NativeMethodAccessorImpl.invoke0(Native Method)
	at sun.reflect.NativeMethodAccessorImpl.invoke(NativeMethodAccessorImpl.java:62)
	at sun.reflect.DelegatingMethodAccessorImpl.invoke(DelegatingMethodAccessorImpl.java:43)
	at java.lang.reflect.Method.invoke(Method.java:498)
	at org.testng.internal.MethodInvocationHelper.invokeMethod(MethodInvocationHelper.java:108)
	at org.testng.internal.Invoker.invokeMethod(Invoker.java:661)
	at org.testng.internal.Invoker.invokeTestMethod(Invoker.java:869)
	at org.testng.internal.Invoker.invokeTestMethods(Invoker.java:1193)
	at org.testng.internal.TestMethodWorker.invokeTestMethods(TestMethodWorker.java:126)
	at org.testng.internal.TestMethodWorker.run(TestMethodWorker.java:109)
	at org.testng.TestRunner.privateRun(TestRunner.java:744)
	at org.testng.TestRunner.run(TestRunner.java:602)
	at org.testng.SuiteRunner.runTest(SuiteRunner.java:380)
	at org.testng.SuiteRunner.runSequentially(SuiteRunner.java:375)
	at org.testng.SuiteRunner.privateRun(SuiteRunner.java:340)
	at org.testng.SuiteRunner.run(SuiteRunner.java:289)
	at org.testng.SuiteRunnerWorker.runSuite(SuiteRunnerWorker.java:52)
	at org.testng.SuiteRunnerWorker.run(SuiteRunnerWorker.java:86)
	at org.testng.TestNG.runSuitesSequentially(TestNG.java:1301)
	at org.testng.TestNG.runSuitesLocally(TestNG.java:1226)
	at org.testng.TestNG.runSuites(TestNG.java:1144)
	at org.testng.TestNG.run(TestNG.java:1115)
	at org.apache.maven.surefire.testng.TestNGExecutor.run(TestNGExecutor.java:295)
	at org.apache.maven.surefire.testng.TestNGXmlTestSuite.execute(TestNGXmlTestSuite.java:84)
	at org.apache.maven.surefire.testng.TestNGProvider.invoke(TestNGProvider.java:90)
	at org.apache.maven.surefire.booter.ForkedBooter.invokeProviderInSameClassLoader(ForkedBooter.java:203)
	at org.apache.maven.surefire.booter.ForkedBooter.runSuitesInProcess(ForkedBooter.java:155)
	at org.apache.maven.surefire.booter.ForkedBooter.main(ForkedBooter.java:103)
]]>
            </full-stacktrace>
          </exception> <!-- org.testng.SkipException -->
          <reporter-output>
          </reporter-output>
        </test-method> <!-- designmateSignUpTest -->
        <test-method status="SKIP" signature="designmateSignUpTest(java.lang.String, java.lang.String, java.lang.String, java.lang.String, java.lang.String)[pri:0, instance:com.w2a.testcases.DesignmateSignUpTest@37ceb1df]" name="designmateSignUpTest" duration-ms="1" started-at="2019-12-10T10:09:21Z" data-provider="dp" finished-at="2019-12-10T10:09:21Z">
          <params>
            <param index="0">
              <value>
                <![CDATA[hasy]]>
              </value>
            </param>
            <param index="1">
              <value>
                <![CDATA[solanki]]>
              </value>
            </param>
            <param index="2">
              <value>
                <![CDATA[hasy0712@gmail.com]]>
              </value>
            </param>
            <param index="3">
              <value>
                <![CDATA[dm@1234]]>
              </value>
            </param>
            <param index="4">
              <value>
                <![CDATA[dm@1234]]>
              </value>
            </param>
          </params>
          <exception class="org.testng.SkipException">
            <message>
              <![CDATA[Skipping the test   DESIGNMATESIGNUPTEST  as the run mode is No]]>
            </message>
            <full-stacktrace>
              <![CDATA[org.testng.SkipException: Skipping the test   DESIGNMATESIGNUPTEST  as the run mode is No
	at com.w2a.testcases.DesignmateSignUpTest.designmateSignUpTest(DesignmateSignUpTest.java:33)
	at sun.reflect.NativeMethodAccessorImpl.invoke0(Native Method)
	at sun.reflect.NativeMethodAccessorImpl.invoke(NativeMethodAccessorImpl.java:62)
	at sun.reflect.DelegatingMethodAccessorImpl.invoke(DelegatingMethodAccessorImpl.java:43)
	at java.lang.reflect.Method.invoke(Method.java:498)
	at org.testng.internal.MethodInvocationHelper.invokeMethod(MethodInvocationHelper.java:108)
	at org.testng.internal.Invoker.invokeMethod(Invoker.java:661)
	at org.testng.internal.Invoker.invokeTestMethod(Invoker.java:869)
	at org.testng.internal.Invoker.invokeTestMethods(Invoker.java:1193)
	at org.testng.internal.TestMethodWorker.invokeTestMethods(TestMethodWorker.java:126)
	at org.testng.internal.TestMethodWorker.run(TestMethodWorker.java:109)
	at org.testng.TestRunner.privateRun(TestRunner.java:744)
	at org.testng.TestRunner.run(TestRunner.java:602)
	at org.testng.SuiteRunner.runTest(SuiteRunner.java:380)
	at org.testng.SuiteRunner.runSequentially(SuiteRunner.java:375)
	at org.testng.SuiteRunner.privateRun(SuiteRunner.java:340)
	at org.testng.SuiteRunner.run(SuiteRunner.java:289)
	at org.testng.SuiteRunnerWorker.runSuite(SuiteRunnerWorker.java:52)
	at org.testng.SuiteRunnerWorker.run(SuiteRunnerWorker.java:86)
	at org.testng.TestNG.runSuitesSequentially(TestNG.java:1301)
	at org.testng.TestNG.runSuitesLocally(TestNG.java:1226)
	at org.testng.TestNG.runSuites(TestNG.java:1144)
	at org.testng.TestNG.run(TestNG.java:1115)
	at org.apache.maven.surefire.testng.TestNGExecutor.run(TestNGExecutor.java:295)
	at org.apache.maven.surefire.testng.TestNGXmlTestSuite.execute(TestNGXmlTestSuite.java:84)
	at org.apache.maven.surefire.testng.TestNGProvider.invoke(TestNGProvider.java:90)
	at org.apache.maven.surefire.booter.ForkedBooter.invokeProviderInSameClassLoader(ForkedBooter.java:203)
	at org.apache.maven.surefire.booter.ForkedBooter.runSuitesInProcess(ForkedBooter.java:155)
	at org.apache.maven.surefire.booter.ForkedBooter.main(ForkedBooter.java:103)
]]>
            </full-stacktrace>
          </exception> <!-- org.testng.SkipException -->
          <reporter-output>
          </reporter-output>
        </test-method> <!-- designmateSignUpTest -->
        <test-method status="PASS" signature="tearDown()[pri:0, instance:com.w2a.testcases.DesignmateSignUpTest@37ceb1df]" name="tearDown" is-config="true" duration-ms="1802" started-at="2019-12-10T10:09:21Z" finished-at="2019-12-10T10:09:23Z">
          <reporter-output>
          </reporter-output>
        </test-method> <!-- tearDown -->
      </class> <!-- com.w2a.testcases.DesignmateSignUpTest -->
    </test> <!-- Designmate SignUp -->
  </suite> <!-- Data Driven Basics -->
</testng-results>
