<?xml version="1.0" encoding="UTF-8"?>
<!-- Generated by org.testng.reporters.JUnitXMLReporter -->
<testsuite hostname="dm" ignored="0" name="Designmate SignUp" tests="2" failures="0" timestamp="10 Dec 2019 04:39:21 GMT" time="0.713" errors="0">
  <testcase name="designmateSignUpTest" time="0.002" classname="com.w2a.testcases.DesignmateSignUpTest">
    <skipped/>
  </testcase> <!-- designmateSignUpTest -->
  <testcase name="designmateSignUpTest" time="0.001" classname="com.w2a.testcases.DesignmateSignUpTest">
    <skipped/>
  </testcase> <!-- designmateSignUpTest -->
</testsuite> <!-- Designmate SignUp -->
