<?xml version="1.0" encoding="UTF-8"?>
<!-- Generated by org.testng.reporters.JUnitXMLReporter -->
<testsuite hostname="dm" ignored="0" name="Designmate LoginTest" tests="3" failures="0" timestamp="10 Dec 2019 04:39:20 GMT" time="12.897" errors="0">
  <testcase name="designmateLogintest" time="5.469" classname="com.w2a.testcases.DesignmateLoginTest"/>
  <testcase name="designmateLogintest" time="3.411" classname="com.w2a.testcases.DesignmateLoginTest"/>
  <testcase name="designmateLogintest" time="3.437" classname="com.w2a.testcases.DesignmateLoginTest"/>
</testsuite> <!-- Designmate LoginTest -->
