<?xml version="1.0" encoding="UTF-8"?>
<testsuite name="Designmate SignUp"
           tests="2"
           failures="0"
           errors="0"
           skipped="2"
           time="0.003">
  <properties />
  
            <testcase name="designmateSignUpTest" time="0.0" classname="com.w2a.testcases.DesignmateSignUpTest">
          <skipped />
    </testcase>
            <testcase name="designmateSignUpTest" time="0.0" classname="com.w2a.testcases.DesignmateSignUpTest">
          <skipped />
    </testcase>
  
  
</testsuite>
