<?xml version="1.0" encoding="UTF-8"?>
<testsuite name="Designmate LoginTest"
           tests="3"
           failures="0"
           errors="0"
           skipped="0"
           time="12.317">
  <properties />
  
  
            <testcase name="designmateLogintest" time="3.437" classname="com.w2a.testcases.DesignmateLoginTest" />
                <testcase name="designmateLogintest" time="3.411" classname="com.w2a.testcases.DesignmateLoginTest" />
                <testcase name="designmateLogintest" time="5.469" classname="com.w2a.testcases.DesignmateLoginTest" />
      
</testsuite>
